0 info it worked if it ends with ok
1 verbose cli [ '/usr/local/bin/node',
1 verbose cli   '/usr/local/bin/npm',
1 verbose cli   'install',
1 verbose cli   'sass-mq' ]
2 info using npm@2.15.9
3 info using node@v4.5.0
4 verbose install initial load of /Users/zal04/Desktop/Leeds Dock React/main/package.json
5 warn package.json blackjack-component-main@0.0.1 No repository field.
6 verbose installManyTop reading scoped package data from /Users/zal04/Desktop/Leeds Dock React/main/node_modules/blackjack-tabs/package.json
7 verbose installManyTop reading scoped package data from /Users/zal04/Desktop/Leeds Dock React/main/node_modules/react/package.json
8 verbose installManyTop reading scoped package data from /Users/zal04/Desktop/Leeds Dock React/main/node_modules/react-addons-update/package.json
9 verbose installManyTop reading scoped package data from /Users/zal04/Desktop/Leeds Dock React/main/node_modules/react-dom/package.json
10 verbose installManyTop reading scoped package data from /Users/zal04/Desktop/Leeds Dock React/main/node_modules/react-google-maps/package.json
11 verbose installManyTop reading scoped package data from /Users/zal04/Desktop/Leeds Dock React/main/node_modules/react-icons/package.json
12 verbose installManyTop reading scoped package data from /Users/zal04/Desktop/Leeds Dock React/main/node_modules/redux/package.json
13 verbose installManyTop reading scoped package data from /Users/zal04/Desktop/Leeds Dock React/main/node_modules/sky-toolkit/package.json
14 info package.json sky-toolkit@0.5.0 No repository field.
15 verbose readDependencies loading dependencies from /Users/zal04/Desktop/Leeds Dock React/main/package.json
16 silly cache add args [ 'sass-mq', null ]
17 verbose cache add spec sass-mq
18 silly cache add parsed spec Result {
18 silly cache add   raw: 'sass-mq',
18 silly cache add   scope: null,
18 silly cache add   name: 'sass-mq',
18 silly cache add   rawSpec: '',
18 silly cache add   spec: 'latest',
18 silly cache add   type: 'tag' }
19 silly addNamed sass-mq@latest
20 verbose addNamed "latest" is being treated as a dist-tag for sass-mq
21 info addNameTag [ 'sass-mq', 'latest' ]
22 silly mapToRegistry name sass-mq
23 silly mapToRegistry using default registry
24 silly mapToRegistry registry https://registry.npmjs.org/
25 silly mapToRegistry data Result {
25 silly mapToRegistry   raw: 'sass-mq',
25 silly mapToRegistry   scope: null,
25 silly mapToRegistry   name: 'sass-mq',
25 silly mapToRegistry   rawSpec: '',
25 silly mapToRegistry   spec: 'latest',
25 silly mapToRegistry   type: 'tag' }
26 silly mapToRegistry uri https://registry.npmjs.org/sass-mq
27 verbose addNameTag registry:https://registry.npmjs.org/sass-mq not in flight; fetching
28 verbose request uri https://registry.npmjs.org/sass-mq
29 verbose request no auth needed
30 info attempt registry request try #1 at 9:54:07 AM
31 verbose request id 8ee0882f94e0bd20
32 verbose etag "5977CXTZ0MIEAQFHZK0L4WQC8"
33 http request GET https://registry.npmjs.org/sass-mq
34 http 304 https://registry.npmjs.org/sass-mq
35 verbose headers { date: 'Tue, 20 Sep 2016 08:54:04 GMT',
35 verbose headers   via: '1.1 varnish',
35 verbose headers   'cache-control': 'max-age=300',
35 verbose headers   etag: '"5977CXTZ0MIEAQFHZK0L4WQC8"',
35 verbose headers   age: '230',
35 verbose headers   connection: 'keep-alive',
35 verbose headers   'x-served-by': 'cache-lhr6331-LHR',
35 verbose headers   'x-cache': 'HIT',
35 verbose headers   'x-cache-hits': '1',
35 verbose headers   'x-timer': 'S1474361644.012385,VS0,VE0',
35 verbose headers   vary: 'Accept-Encoding' }
36 silly get cb [ 304,
36 silly get   { date: 'Tue, 20 Sep 2016 08:54:04 GMT',
36 silly get     via: '1.1 varnish',
36 silly get     'cache-control': 'max-age=300',
36 silly get     etag: '"5977CXTZ0MIEAQFHZK0L4WQC8"',
36 silly get     age: '230',
36 silly get     connection: 'keep-alive',
36 silly get     'x-served-by': 'cache-lhr6331-LHR',
36 silly get     'x-cache': 'HIT',
36 silly get     'x-cache-hits': '1',
36 silly get     'x-timer': 'S1474361644.012385,VS0,VE0',
36 silly get     vary: 'Accept-Encoding' } ]
37 verbose etag https://registry.npmjs.org/sass-mq from cache
38 verbose get saving sass-mq to /Users/zal04/.npm/registry.npmjs.org/sass-mq/.cache.json
39 verbose correctMkdir /Users/zal04/.npm correctMkdir not in flight; initializing
40 silly addNameTag next cb for sass-mq with tag latest
41 silly addNamed sass-mq@3.2.9
42 verbose addNamed "3.2.9" is a plain semver version for sass-mq
43 silly cache afterAdd sass-mq@3.2.9
44 verbose afterAdd /Users/zal04/.npm/sass-mq/3.2.9/package/package.json not in flight; writing
45 verbose correctMkdir /Users/zal04/.npm correctMkdir not in flight; initializing
46 verbose afterAdd /Users/zal04/.npm/sass-mq/3.2.9/package/package.json written
47 silly install resolved [ { name: 'sass-mq',
47 silly install resolved     description: 'mq() is a Sass mixin that helps manipulating media queries in an elegant way.',
47 silly install resolved     version: '3.2.9',
47 silly install resolved     keywords:
47 silly install resolved      [ 'responsive',
47 silly install resolved        'sass',
47 silly install resolved        'rwd',
47 silly install resolved        'mediaquery',
47 silly install resolved        'query',
47 silly install resolved        'queries',
47 silly install resolved        'media',
47 silly install resolved        'eyeglass-module' ],
47 silly install resolved     ignore:
47 silly install resolved      [ 'test',
47 silly install resolved        'sassdoc',
47 silly install resolved        '**/.*',
47 silly install resolved        'sache.json',
47 silly install resolved        'bower.json',
47 silly install resolved        'sassdoc.sh',
47 silly install resolved        'scripts' ],
47 silly install resolved     files: [ '_mq.scss', 'LICENSE.md', 'README.md', 'sass/index.scss' ],
47 silly install resolved     main: '_mq.scss',
47 silly install resolved     scripts: { test: './scripts/test.sh', sassdoc: './scripts/sassdoc.sh' },
47 silly install resolved     contributors: [ [Object] ],
47 silly install resolved     bugs: { url: 'https://github.com/sass-mq/sass-mq/issues' },
47 silly install resolved     repository: [ [Object] ],
47 silly install resolved     license: 'MIT',
47 silly install resolved     homepage: 'http://sass-mq.github.io/sass-mq/',
47 silly install resolved     eyeglass: { needs: '^0.8.2', sassDir: './_mq.scss', exports: false },
47 silly install resolved     devDependencies: { eyeglass: '^0.8.3', 'node-sass': '^3.4.2', sassdoc: '^2.1.20' },
47 silly install resolved     gitHead: '9bc93cd4d735b7c5480cf055b52300b8af23c95c',
47 silly install resolved     _id: 'sass-mq@3.2.9',
47 silly install resolved     _shasum: '7b60e48c4200474cd1ee5f59be5c6c4afc773012',
47 silly install resolved     _from: 'sass-mq@latest',
47 silly install resolved     _npmVersion: '3.7.3',
47 silly install resolved     _nodeVersion: '4.2.2',
47 silly install resolved     _npmUser: { name: 'kaelig', email: 'kaelig@deloumeau.fr' },
47 silly install resolved     dist:
47 silly install resolved      { shasum: '7b60e48c4200474cd1ee5f59be5c6c4afc773012',
47 silly install resolved        tarball: 'https://registry.npmjs.org/sass-mq/-/sass-mq-3.2.9.tgz' },
47 silly install resolved     maintainers: [ [Object], [Object] ],
47 silly install resolved     _npmOperationalInternal:
47 silly install resolved      { host: 'packages-12-west.internal.npmjs.com',
47 silly install resolved        tmp: 'tmp/sass-mq-3.2.9.tgz_1458415068239_0.21914083138108253' },
47 silly install resolved     directories: {},
47 silly install resolved     _resolved: 'https://registry.npmjs.org/sass-mq/-/sass-mq-3.2.9.tgz',
47 silly install resolved     readme: 'ERROR: No README data found!' } ]
48 info install sass-mq@3.2.9 into /Users/zal04/Desktop/Leeds Dock React/main
49 info installOne sass-mq@3.2.9
50 verbose installOne of sass-mq to /Users/zal04/Desktop/Leeds Dock React/main not in flight; installing
51 verbose correctMkdir /Users/zal04/.npm/_locks correctMkdir not in flight; initializing
52 verbose lock using /Users/zal04/.npm/_locks/sass-mq-e5808ab3c3565f59.lock for /Users/zal04/Desktop/Leeds Dock React/main/node_modules/sass-mq
53 silly install write writing sass-mq 3.2.9 to /Users/zal04/Desktop/Leeds Dock React/main/node_modules/sass-mq
54 verbose unbuild node_modules/sass-mq
55 silly gentlyRm /Users/zal04/Desktop/Leeds Dock React/main/node_modules/sass-mq is being purged from base /Users/zal04/Desktop/Leeds Dock React/main
56 verbose gentlyRm don't care about contents; nuking /Users/zal04/Desktop/Leeds Dock React/main/node_modules/sass-mq
57 verbose tar unpack /Users/zal04/.npm/sass-mq/3.2.9/package.tgz
58 verbose tar unpacking to /Users/zal04/Desktop/Leeds Dock React/main/node_modules/sass-mq
59 silly gentlyRm /Users/zal04/Desktop/Leeds Dock React/main/node_modules/sass-mq is being purged
60 verbose gentlyRm don't care about contents; nuking /Users/zal04/Desktop/Leeds Dock React/main/node_modules/sass-mq
61 silly gunzTarPerm modes [ '755', '644' ]
62 silly gunzTarPerm extractEntry package.json
63 silly gunzTarPerm extractEntry README.md
64 silly gunzTarPerm extractEntry LICENSE.md
65 silly gunzTarPerm extractEntry _mq.scss
66 verbose write writing to /Users/zal04/Desktop/Leeds Dock React/main/node_modules/sass-mq/package.json
67 info preinstall sass-mq@3.2.9
68 verbose readDependencies loading dependencies from /Users/zal04/Desktop/Leeds Dock React/main/node_modules/sass-mq/package.json
69 verbose readDependencies loading dependencies from /Users/zal04/Desktop/Leeds Dock React/main/node_modules/sass-mq/package.json
70 silly install resolved []
71 verbose about to build /Users/zal04/Desktop/Leeds Dock React/main/node_modules/sass-mq
72 info build /Users/zal04/Desktop/Leeds Dock React/main/node_modules/sass-mq
73 info linkStuff sass-mq@3.2.9
74 silly linkStuff sass-mq@3.2.9 has /Users/zal04/Desktop/Leeds Dock React/main/node_modules as its parent node_modules
75 verbose linkBins sass-mq@3.2.9
76 verbose linkMans sass-mq@3.2.9
77 verbose rebuildBundles sass-mq@3.2.9
78 info install sass-mq@3.2.9
79 info postinstall sass-mq@3.2.9
80 verbose unlock done using /Users/zal04/.npm/_locks/sass-mq-e5808ab3c3565f59.lock for /Users/zal04/Desktop/Leeds Dock React/main/node_modules/sass-mq
81 verbose validateInstall loading /Users/zal04/Desktop/Leeds Dock React/main/package.json for validation
82 verbose stack Error: The package react@15.3.1 does not satisfy its siblings' peerDependencies requirements!
82 verbose stack     at /usr/local/lib/node_modules/npm/lib/install.js:125:32
82 verbose stack     at /usr/local/lib/node_modules/npm/lib/install.js:268:7
82 verbose stack     at /usr/local/lib/node_modules/npm/node_modules/read-installed/read-installed.js:142:5
82 verbose stack     at /usr/local/lib/node_modules/npm/node_modules/read-installed/read-installed.js:263:14
82 verbose stack     at cb (/usr/local/lib/node_modules/npm/node_modules/slide/lib/async-map.js:47:24)
82 verbose stack     at /usr/local/lib/node_modules/npm/node_modules/read-installed/read-installed.js:263:14
82 verbose stack     at cb (/usr/local/lib/node_modules/npm/node_modules/slide/lib/async-map.js:47:24)
82 verbose stack     at /usr/local/lib/node_modules/npm/node_modules/read-installed/read-installed.js:263:14
82 verbose stack     at cb (/usr/local/lib/node_modules/npm/node_modules/slide/lib/async-map.js:47:24)
82 verbose stack     at /usr/local/lib/node_modules/npm/node_modules/read-installed/read-installed.js:263:14
83 verbose cwd /Users/zal04/Desktop/Leeds Dock React/main
84 error Darwin 15.6.0
85 error argv "/usr/local/bin/node" "/usr/local/bin/npm" "install" "sass-mq"
86 error node v4.5.0
87 error npm  v2.15.9
88 error code EPEERINVALID
89 error peerinvalid The package react@15.3.1 does not satisfy its siblings' peerDependencies requirements!
89 error peerinvalid Peer react-dom@15.3.1 wants react@^15.3.1
90 verbose exit [ 1, true ]
